<?xml version="1.0" encoding="UTF-8"?>
<testng-results ignored="0" total="2" passed="1" failed="1" skipped="0">
  <reporter-output>
  </reporter-output>
  <suite started-at="2018-10-02T01:15:46Z" name="Default suite" finished-at="2018-10-02T01:16:03Z" duration-ms="17849">
    <groups>
    </groups>
    <test started-at="2018-10-02T01:15:46Z" name="Default test" finished-at="2018-10-02T01:16:03Z" duration-ms="17849">
      <class name="TestPage.FindStudioTest">
        <test-method is-config="true" signature="initialization()[pri:0, instance:TestPage.FindStudioTest@37883b97]" started-at="2018-10-01T21:15:46Z" name="initialization" finished-at="2018-10-01T21:15:54Z" duration-ms="8526" status="PASS">
          <reporter-output>
          </reporter-output>
        </test-method> <!-- initialization -->
        <test-method signature="verifyFindStudioTitle()[pri:1, instance:TestPage.FindStudioTest@37883b97]" started-at="2018-10-01T21:15:54Z" name="verifyFindStudioTitle" finished-at="2018-10-01T21:15:54Z" duration-ms="14" status="FAIL">
          <exception class="java.lang.AssertionError">
            <message>
              <![CDATA[Find studio title not matched expected [Find a Studio & Meeting Near You |WW USA] but found [Find a Studio & Meeting Near You | WW USA]]]>
            </message>
            <full-stacktrace>
              <![CDATA[java.lang.AssertionError: Find studio title not matched expected [Find a Studio & Meeting Near You |WW USA] but found [Find a Studio & Meeting Near You | WW USA]at org.testng.Assert.fail(Assert.java:96)at org.testng.Assert.failNotEquals(Assert.java:776)at org.testng.Assert.assertEqualsImpl(Assert.java:137)at org.testng.Assert.assertEquals(Assert.java:118)at org.testng.Assert.assertEquals(Assert.java:453)at TestPage.FindStudioTest.verifyFindStudioTitle(FindStudioTest.java:30)at java.base/jdk.internal.reflect.NativeMethodAccessorImpl.invoke0(Native Method)at java.base/jdk.internal.reflect.NativeMethodAccessorImpl.invoke(Unknown Source)at java.base/jdk.internal.reflect.DelegatingMethodAccessorImpl.invoke(Unknown Source)at java.base/java.lang.reflect.Method.invoke(Unknown Source)at org.testng.internal.MethodInvocationHelper.invokeMethod(MethodInvocationHelper.java:124)at org.testng.internal.Invoker.invokeMethod(Invoker.java:571)at org.testng.internal.Invoker.invokeTestMethod(Invoker.java:707)at org.testng.internal.Invoker.invokeTestMethods(Invoker.java:979)at org.testng.internal.TestMethodWorker.invokeTestMethods(TestMethodWorker.java:125)at org.testng.internal.TestMethodWorker.run(TestMethodWorker.java:109)at org.testng.TestRunner.privateRun(TestRunner.java:648)at org.testng.TestRunner.run(TestRunner.java:505)at org.testng.SuiteRunner.runTest(SuiteRunner.java:455)at org.testng.SuiteRunner.runSequentially(SuiteRunner.java:450)at org.testng.SuiteRunner.privateRun(SuiteRunner.java:415)at org.testng.SuiteRunner.run(SuiteRunner.java:364)at org.testng.SuiteRunnerWorker.runSuite(SuiteRunnerWorker.java:52)at org.testng.SuiteRunnerWorker.run(SuiteRunnerWorker.java:84)at org.testng.TestNG.runSuitesSequentially(TestNG.java:1187)at org.testng.TestNG.runSuitesLocally(TestNG.java:1116)at org.testng.TestNG.runSuites(TestNG.java:1028)at org.testng.TestNG.run(TestNG.java:996)at org.testng.remote.AbstractRemoteTestNG.run(AbstractRemoteTestNG.java:114)at org.testng.remote.RemoteTestNG.initAndRun(RemoteTestNG.java:251)at org.testng.remote.RemoteTestNG.main(RemoteTestNG.java:77)]]>
            </full-stacktrace>
          </exception> <!-- java.lang.AssertionError -->
          <reporter-output>
          </reporter-output>
        </test-method> <!-- verifyFindStudioTitle -->
        <test-method is-config="true" signature="tearDown()[pri:0, instance:TestPage.FindStudioTest@37883b97]" started-at="2018-10-01T21:15:54Z" name="tearDown" finished-at="2018-10-01T21:15:55Z" duration-ms="594" status="PASS">
          <reporter-output>
          </reporter-output>
        </test-method> <!-- tearDown -->
        <test-method is-config="true" signature="initialization()[pri:0, instance:TestPage.FindStudioTest@37883b97]" started-at="2018-10-01T21:15:55Z" name="initialization" finished-at="2018-10-01T21:16:03Z" duration-ms="7921" status="PASS">
          <reporter-output>
          </reporter-output>
        </test-method> <!-- initialization -->
        <test-method signature="clickOnSearchBox()[pri:2, instance:TestPage.FindStudioTest@37883b97]" started-at="2018-10-01T21:16:03Z" name="clickOnSearchBox" finished-at="2018-10-01T21:16:03Z" duration-ms="181" status="PASS">
          <reporter-output>
          </reporter-output>
        </test-method> <!-- clickOnSearchBox -->
        <test-method is-config="true" signature="tearDown()[pri:0, instance:TestPage.FindStudioTest@37883b97]" started-at="2018-10-01T21:16:03Z" name="tearDown" finished-at="2018-10-01T21:16:03Z" duration-ms="596" status="PASS">
          <reporter-output>
          </reporter-output>
        </test-method> <!-- tearDown -->
      </class> <!-- TestPage.FindStudioTest -->
    </test> <!-- Default test -->
  </suite> <!-- Default suite -->
</testng-results>
